{"level":"info","message":"Server is running on port 3000","service":"jotform-bitrix24-integration","timestamp":"2025-09-28 02:00:03"}
{"level":"info","message":"Environment: development","service":"jotform-bitrix24-integration","timestamp":"2025-09-28 02:00:03"}
{"level":"info","message":"Fetching submissions from Jotform: /form/252698970734069/submissions","service":"jotform-bitrix24-integration","timestamp":"2025-09-28 02:00:46"}
{"level":"info","message":"Successfully fetched submissions from Jotform","service":"jotform-bitrix24-integration","timestamp":"2025-09-28 02:00:48"}
{"level":"error","message":"Bitrix24 connection test failed:","service":"jotform-bitrix24-integration","timestamp":"2025-09-28 02:00:49"}
{"level":"info","message":"Server is running on port 3000","service":"jotform-bitrix24-integration","timestamp":"2025-09-28 02:07:05"}
{"level":"info","message":"Environment: development","service":"jotform-bitrix24-integration","timestamp":"2025-09-28 02:07:06"}
{"level":"info","message":"Fetching submissions from Jotform: /form/252698970734069/submissions","service":"jotform-bitrix24-integration","timestamp":"2025-09-28 02:07:14"}
{"level":"info","message":"Successfully fetched submissions from Jotform","service":"jotform-bitrix24-integration","timestamp":"2025-09-28 02:07:15"}
{"level":"error","message":"Bitrix24 connection test failed:","service":"jotform-bitrix24-integration","timestamp":"2025-09-28 02:07:15"}
{"level":"info","message":"Server is running on port 3000","service":"jotform-bitrix24-integration","timestamp":"2025-09-28 02:21:52"}
{"level":"info","message":"Environment: development","service":"jotform-bitrix24-integration","timestamp":"2025-09-28 02:21:52"}
{"level":"info","message":"Fetching submissions from Jotform: /form/252698970734069/submissions","service":"jotform-bitrix24-integration","timestamp":"2025-09-28 02:21:59"}
{"level":"info","message":"Successfully fetched submissions from Jotform","service":"jotform-bitrix24-integration","timestamp":"2025-09-28 02:22:01"}
{"level":"error","message":"Bitrix24 connection test failed:","service":"jotform-bitrix24-integration","timestamp":"2025-09-28 02:22:03"}
{"level":"info","message":"Server is running on port 3000","service":"jotform-bitrix24-integration","timestamp":"2025-09-28 02:23:42"}
{"level":"info","message":"Environment: development","service":"jotform-bitrix24-integration","timestamp":"2025-09-28 02:23:42"}
{"level":"info","message":"Server is running on port 3000","service":"jotform-bitrix24-integration","timestamp":"2025-09-28 02:24:19"}
{"level":"info","message":"Environment: development","service":"jotform-bitrix24-integration","timestamp":"2025-09-28 02:24:19"}
{"level":"info","message":"Fetching submissions from Jotform: /form/252698970734069/submissions","service":"jotform-bitrix24-integration","timestamp":"2025-09-28 02:25:04"}
{"level":"info","message":"Successfully fetched submissions from Jotform","service":"jotform-bitrix24-integration","timestamp":"2025-09-28 02:25:04"}
{"level":"error","message":"Bitrix24 connection test failed:","service":"jotform-bitrix24-integration","timestamp":"2025-09-28 02:25:05"}
{"level":"info","message":"Server is running on port 3000","service":"jotform-bitrix24-integration","timestamp":"2025-09-28 02:26:56"}
{"level":"info","message":"Environment: development","service":"jotform-bitrix24-integration","timestamp":"2025-09-28 02:26:56"}
{"level":"info","message":"Server is running on port 3000","service":"jotform-bitrix24-integration","timestamp":"2025-09-28 02:29:00"}
{"level":"info","message":"Environment: development","service":"jotform-bitrix24-integration","timestamp":"2025-09-28 02:29:00"}
{"level":"info","message":"Fetching submissions from Jotform: /form/252698970734069/submissions","service":"jotform-bitrix24-integration","timestamp":"2025-09-28 02:29:04"}
{"level":"info","message":"Successfully fetched submissions from Jotform","service":"jotform-bitrix24-integration","timestamp":"2025-09-28 02:29:06"}
{"level":"error","message":"Bitrix24 connection test failed:","service":"jotform-bitrix24-integration","timestamp":"2025-09-28 02:29:06"}
{"level":"info","message":"Server is running on port 3000","service":"jotform-bitrix24-integration","timestamp":"2025-09-28 02:29:51"}
{"level":"info","message":"Environment: development","service":"jotform-bitrix24-integration","timestamp":"2025-09-28 02:29:51"}
{"level":"info","message":"Fetching submissions from Jotform: /form/252698970734069/submissions","service":"jotform-bitrix24-integration","timestamp":"2025-09-28 02:30:02"}
{"level":"info","message":"Successfully fetched submissions from Jotform","service":"jotform-bitrix24-integration","timestamp":"2025-09-28 02:30:03"}
{"level":"info","message":"Server is running on port 3000","service":"jotform-bitrix24-integration","timestamp":"2025-09-28 02:31:35"}
{"level":"info","message":"Environment: development","service":"jotform-bitrix24-integration","timestamp":"2025-09-28 02:31:35"}
{"level":"info","message":"Fetching submissions from Jotform: /form/252698970734069/submissions","service":"jotform-bitrix24-integration","timestamp":"2025-09-28 02:34:02"}
{"level":"info","message":"Successfully fetched submissions from Jotform","service":"jotform-bitrix24-integration","timestamp":"2025-09-28 02:34:03"}
{"level":"error","message":"Bitrix24 connection test failed:","service":"jotform-bitrix24-integration","timestamp":"2025-09-28 02:34:03"}
{"level":"info","message":"Fetching submissions from Jotform: /form/252698970734069/submissions","service":"jotform-bitrix24-integration","timestamp":"2025-09-28 02:34:16"}
{"level":"info","message":"Successfully fetched submissions from Jotform","service":"jotform-bitrix24-integration","timestamp":"2025-09-28 02:34:16"}
{"level":"error","message":"Bitrix24 connection test failed:","service":"jotform-bitrix24-integration","timestamp":"2025-09-28 02:34:17"}
{"level":"info","message":"Server is running on port 3000","service":"jotform-bitrix24-integration","timestamp":"2025-09-28 02:52:08"}
{"level":"info","message":"Environment: development","service":"jotform-bitrix24-integration","timestamp":"2025-09-28 02:52:08"}
{"level":"info","message":"Fetching submissions from Jotform: /form/252698970734069/submissions","service":"jotform-bitrix24-integration","timestamp":"2025-09-28 02:52:15"}
{"level":"info","message":"Successfully fetched submissions from Jotform","service":"jotform-bitrix24-integration","timestamp":"2025-09-28 02:52:16"}
{"level":"info","limit":"3","message":"Manual sync requested","service":"jotform-bitrix24-integration","timestamp":"2025-09-28 02:54:24"}
{"level":"info","message":"Fetching submissions from Jotform: /form/252698970734069/submissions","service":"jotform-bitrix24-integration","timestamp":"2025-09-28 02:54:25"}
{"level":"info","message":"Successfully fetched submissions from Jotform","service":"jotform-bitrix24-integration","timestamp":"2025-09-28 02:54:25"}
{"level":"error","message":"Validation error: Invalid phone number","service":"jotform-bitrix24-integration","stack":"Error: Invalid phone number\n    at ValidationUtils.validateJotformSubmission (C:\\Users\\ngock\\Downloads\\jotform-bitrix-node\\src\\utils\\validation.js:25:15)\n    at manualSync (C:\\Users\\ngock\\Downloads\\jotform-bitrix-node\\src\\controllers\\formController.js:80:27)\n    at process.processTicksAndRejections (node:internal/process/task_queues:105:5)","timestamp":"2025-09-28 02:54:25"}
{"level":"error","message":"Failed to process submission 6348509852961327816: Invalid phone number","service":"jotform-bitrix24-integration","stack":"Error: Invalid phone number\n    at ValidationUtils.validateJotformSubmission (C:\\Users\\ngock\\Downloads\\jotform-bitrix-node\\src\\utils\\validation.js:25:15)\n    at manualSync (C:\\Users\\ngock\\Downloads\\jotform-bitrix-node\\src\\controllers\\formController.js:80:27)\n    at process.processTicksAndRejections (node:internal/process/task_queues:105:5)","timestamp":"2025-09-28 02:54:25"}
{"level":"error","message":"Validation error: Invalid phone number","service":"jotform-bitrix24-integration","stack":"Error: Invalid phone number\n    at ValidationUtils.validateJotformSubmission (C:\\Users\\ngock\\Downloads\\jotform-bitrix-node\\src\\utils\\validation.js:25:15)\n    at manualSync (C:\\Users\\ngock\\Downloads\\jotform-bitrix-node\\src\\controllers\\formController.js:80:27)\n    at process.processTicksAndRejections (node:internal/process/task_queues:105:5)","timestamp":"2025-09-28 02:54:25"}
{"level":"error","message":"Failed to process submission 6348508392961288790: Invalid phone number","service":"jotform-bitrix24-integration","stack":"Error: Invalid phone number\n    at ValidationUtils.validateJotformSubmission (C:\\Users\\ngock\\Downloads\\jotform-bitrix-node\\src\\utils\\validation.js:25:15)\n    at manualSync (C:\\Users\\ngock\\Downloads\\jotform-bitrix-node\\src\\controllers\\formController.js:80:27)\n    at process.processTicksAndRejections (node:internal/process/task_queues:105:5)","timestamp":"2025-09-28 02:54:25"}
{"level":"error","message":"Validation error: Invalid phone number","service":"jotform-bitrix24-integration","stack":"Error: Invalid phone number\n    at ValidationUtils.validateJotformSubmission (C:\\Users\\ngock\\Downloads\\jotform-bitrix-node\\src\\utils\\validation.js:25:15)\n    at manualSync (C:\\Users\\ngock\\Downloads\\jotform-bitrix-node\\src\\controllers\\formController.js:80:27)\n    at process.processTicksAndRejections (node:internal/process/task_queues:105:5)","timestamp":"2025-09-28 02:54:25"}
{"level":"error","message":"Failed to process submission 6348504322969472672: Invalid phone number","service":"jotform-bitrix24-integration","stack":"Error: Invalid phone number\n    at ValidationUtils.validateJotformSubmission (C:\\Users\\ngock\\Downloads\\jotform-bitrix-node\\src\\utils\\validation.js:25:15)\n    at manualSync (C:\\Users\\ngock\\Downloads\\jotform-bitrix-node\\src\\controllers\\formController.js:80:27)\n    at process.processTicksAndRejections (node:internal/process/task_queues:105:5)","timestamp":"2025-09-28 02:54:25"}
{"details":[{"error":"Invalid phone number","status":"failed","submissionId":"6348509852961327816"},{"error":"Invalid phone number","status":"failed","submissionId":"6348508392961288790"},{"error":"Invalid phone number","status":"failed","submissionId":"6348504322969472672"}],"failed":3,"level":"info","message":"Manual sync completed","processed":3,"service":"jotform-bitrix24-integration","succeeded":0,"timestamp":"2025-09-28 02:54:25"}
{"level":"info","limit":"3","message":"Manual sync requested","service":"jotform-bitrix24-integration","timestamp":"2025-09-28 02:54:31"}
{"level":"info","message":"Fetching submissions from Jotform: /form/252698970734069/submissions","service":"jotform-bitrix24-integration","timestamp":"2025-09-28 02:54:31"}
{"level":"info","message":"Successfully fetched submissions from Jotform","service":"jotform-bitrix24-integration","timestamp":"2025-09-28 02:54:32"}
{"level":"error","message":"Validation error: Invalid phone number","service":"jotform-bitrix24-integration","stack":"Error: Invalid phone number\n    at ValidationUtils.validateJotformSubmission (C:\\Users\\ngock\\Downloads\\jotform-bitrix-node\\src\\utils\\validation.js:25:15)\n    at manualSync (C:\\Users\\ngock\\Downloads\\jotform-bitrix-node\\src\\controllers\\formController.js:80:27)\n    at process.processTicksAndRejections (node:internal/process/task_queues:105:5)","timestamp":"2025-09-28 02:54:32"}
{"level":"error","message":"Failed to process submission 6348509852961327816: Invalid phone number","service":"jotform-bitrix24-integration","stack":"Error: Invalid phone number\n    at ValidationUtils.validateJotformSubmission (C:\\Users\\ngock\\Downloads\\jotform-bitrix-node\\src\\utils\\validation.js:25:15)\n    at manualSync (C:\\Users\\ngock\\Downloads\\jotform-bitrix-node\\src\\controllers\\formController.js:80:27)\n    at process.processTicksAndRejections (node:internal/process/task_queues:105:5)","timestamp":"2025-09-28 02:54:32"}
{"level":"error","message":"Validation error: Invalid phone number","service":"jotform-bitrix24-integration","stack":"Error: Invalid phone number\n    at ValidationUtils.validateJotformSubmission (C:\\Users\\ngock\\Downloads\\jotform-bitrix-node\\src\\utils\\validation.js:25:15)\n    at manualSync (C:\\Users\\ngock\\Downloads\\jotform-bitrix-node\\src\\controllers\\formController.js:80:27)\n    at process.processTicksAndRejections (node:internal/process/task_queues:105:5)","timestamp":"2025-09-28 02:54:32"}
{"level":"error","message":"Failed to process submission 6348508392961288790: Invalid phone number","service":"jotform-bitrix24-integration","stack":"Error: Invalid phone number\n    at ValidationUtils.validateJotformSubmission (C:\\Users\\ngock\\Downloads\\jotform-bitrix-node\\src\\utils\\validation.js:25:15)\n    at manualSync (C:\\Users\\ngock\\Downloads\\jotform-bitrix-node\\src\\controllers\\formController.js:80:27)\n    at process.processTicksAndRejections (node:internal/process/task_queues:105:5)","timestamp":"2025-09-28 02:54:32"}
{"level":"error","message":"Validation error: Invalid phone number","service":"jotform-bitrix24-integration","stack":"Error: Invalid phone number\n    at ValidationUtils.validateJotformSubmission (C:\\Users\\ngock\\Downloads\\jotform-bitrix-node\\src\\utils\\validation.js:25:15)\n    at manualSync (C:\\Users\\ngock\\Downloads\\jotform-bitrix-node\\src\\controllers\\formController.js:80:27)\n    at process.processTicksAndRejections (node:internal/process/task_queues:105:5)","timestamp":"2025-09-28 02:54:32"}
{"level":"error","message":"Failed to process submission 6348504322969472672: Invalid phone number","service":"jotform-bitrix24-integration","stack":"Error: Invalid phone number\n    at ValidationUtils.validateJotformSubmission (C:\\Users\\ngock\\Downloads\\jotform-bitrix-node\\src\\utils\\validation.js:25:15)\n    at manualSync (C:\\Users\\ngock\\Downloads\\jotform-bitrix-node\\src\\controllers\\formController.js:80:27)\n    at process.processTicksAndRejections (node:internal/process/task_queues:105:5)","timestamp":"2025-09-28 02:54:32"}
{"details":[{"error":"Invalid phone number","status":"failed","submissionId":"6348509852961327816"},{"error":"Invalid phone number","status":"failed","submissionId":"6348508392961288790"},{"error":"Invalid phone number","status":"failed","submissionId":"6348504322969472672"}],"failed":3,"level":"info","message":"Manual sync completed","processed":3,"service":"jotform-bitrix24-integration","succeeded":0,"timestamp":"2025-09-28 02:54:32"}
{"level":"info","message":"Fetching submissions from Jotform: /form/252698970734069/submissions","service":"jotform-bitrix24-integration","timestamp":"2025-09-28 03:02:38"}
{"level":"info","message":"Successfully fetched submissions from Jotform","service":"jotform-bitrix24-integration","timestamp":"2025-09-28 03:02:39"}
